-------------------------------------------------------------------------------
Test set: ee.sk.mid.rest.MobileIdRestConnectorTest
-------------------------------------------------------------------------------
Tests run: 21, Failures: 3, Errors: 8, Skipped: 0, Time elapsed: 0.743 sec <<< FAILURE!
authenticate_withWrongAuthenticationParams_shouldThrowException(ee.sk.mid.rest.MobileIdRestConnectorTest)  Time elapsed: 0.019 sec  <<< ERROR!
java.lang.Exception: Unexpected exception, expected<ee.sk.mid.exception.UnauthorizedException> but was<ee.sk.mid.exception.ResponseNotFound>
	at org.junit.internal.runners.statements.ExpectException.evaluate(ExpectException.java:28)
	at org.junit.internal.runners.statements.RunBefores.evaluate(RunBefores.java:26)
	at com.github.tomakehurst.wiremock.junit.WireMockRule$1.evaluate(WireMockRule.java:72)
	at org.junit.rules.RunRules.evaluate(RunRules.java:20)
	at org.junit.runners.ParentRunner.runLeaf(ParentRunner.java:325)
	at org.junit.runners.BlockJUnit4ClassRunner.runChild(BlockJUnit4ClassRunner.java:78)
	at org.junit.runners.BlockJUnit4ClassRunner.runChild(BlockJUnit4ClassRunner.java:57)
	at org.junit.runners.ParentRunner$3.run(ParentRunner.java:290)
	at org.junit.runners.ParentRunner$1.schedule(ParentRunner.java:71)
	at org.junit.runners.ParentRunner.runChildren(ParentRunner.java:288)
	at org.junit.runners.ParentRunner.access$000(ParentRunner.java:58)
	at org.junit.runners.ParentRunner$2.evaluate(ParentRunner.java:268)
	at org.junit.runners.ParentRunner.run(ParentRunner.java:363)
	at org.apache.maven.surefire.junit4.JUnit4Provider.execute(JUnit4Provider.java:252)
	at org.apache.maven.surefire.junit4.JUnit4Provider.executeTestSet(JUnit4Provider.java:141)
	at org.apache.maven.surefire.junit4.JUnit4Provider.invoke(JUnit4Provider.java:112)
	at sun.reflect.NativeMethodAccessorImpl.invoke0(Native Method)
	at sun.reflect.NativeMethodAccessorImpl.invoke(NativeMethodAccessorImpl.java:62)
	at sun.reflect.DelegatingMethodAccessorImpl.invoke(DelegatingMethodAccessorImpl.java:43)
	at java.lang.reflect.Method.invoke(Method.java:498)
	at org.apache.maven.surefire.util.ReflectionUtils.invokeMethodWithArray(ReflectionUtils.java:189)
	at org.apache.maven.surefire.booter.ProviderFactory$ProviderProxy.invoke(ProviderFactory.java:165)
	at org.apache.maven.surefire.booter.ProviderFactory.invokeProvider(ProviderFactory.java:85)
	at org.apache.maven.surefire.booter.ForkedBooter.runSuitesInProcess(ForkedBooter.java:115)
	at org.apache.maven.surefire.booter.ForkedBooter.main(ForkedBooter.java:75)
Caused by: ee.sk.mid.exception.ResponseNotFound
	at ee.sk.mid.rest.MobileIdRestConnector.postRequest(MobileIdRestConnector.java:80)
	at ee.sk.mid.rest.MobileIdRestConnector.postAuthenticationRequest(MobileIdRestConnector.java:68)
	at ee.sk.mid.rest.MobileIdRestConnector.authenticate(MobileIdRestConnector.java:48)
	at ee.sk.mid.rest.MobileIdRestConnectorTest.authenticate_withWrongAuthenticationParams_shouldThrowException(MobileIdRestConnectorTest.java:170)
	at sun.reflect.NativeMethodAccessorImpl.invoke0(Native Method)
	at sun.reflect.NativeMethodAccessorImpl.invoke(NativeMethodAccessorImpl.java:62)
	at sun.reflect.DelegatingMethodAccessorImpl.invoke(DelegatingMethodAccessorImpl.java:43)
	at java.lang.reflect.Method.invoke(Method.java:498)
	at org.junit.runners.model.FrameworkMethod$1.runReflectiveCall(FrameworkMethod.java:50)
	at org.junit.internal.runners.model.ReflectiveCallable.run(ReflectiveCallable.java:12)
	at org.junit.runners.model.FrameworkMethod.invokeExplosively(FrameworkMethod.java:47)
	at org.junit.internal.runners.statements.InvokeMethod.evaluate(InvokeMethod.java:17)
	at org.junit.internal.runners.statements.ExpectException.evaluate(ExpectException.java:19)
	... 24 more

authenticate_whenGettingSessionIdFailed_shouldThrowException(ee.sk.mid.rest.MobileIdRestConnectorTest)  Time elapsed: 0.045 sec  <<< ERROR!
java.lang.Exception: Unexpected exception, expected<ee.sk.mid.exception.ResponseRetrievingException> but was<ee.sk.mid.exception.ResponseNotFound>
	at org.junit.internal.runners.statements.ExpectException.evaluate(ExpectException.java:28)
	at org.junit.internal.runners.statements.RunBefores.evaluate(RunBefores.java:26)
	at com.github.tomakehurst.wiremock.junit.WireMockRule$1.evaluate(WireMockRule.java:72)
	at org.junit.rules.RunRules.evaluate(RunRules.java:20)
	at org.junit.runners.ParentRunner.runLeaf(ParentRunner.java:325)
	at org.junit.runners.BlockJUnit4ClassRunner.runChild(BlockJUnit4ClassRunner.java:78)
	at org.junit.runners.BlockJUnit4ClassRunner.runChild(BlockJUnit4ClassRunner.java:57)
	at org.junit.runners.ParentRunner$3.run(ParentRunner.java:290)
	at org.junit.runners.ParentRunner$1.schedule(ParentRunner.java:71)
	at org.junit.runners.ParentRunner.runChildren(ParentRunner.java:288)
	at org.junit.runners.ParentRunner.access$000(ParentRunner.java:58)
	at org.junit.runners.ParentRunner$2.evaluate(ParentRunner.java:268)
	at org.junit.runners.ParentRunner.run(ParentRunner.java:363)
	at org.apache.maven.surefire.junit4.JUnit4Provider.execute(JUnit4Provider.java:252)
	at org.apache.maven.surefire.junit4.JUnit4Provider.executeTestSet(JUnit4Provider.java:141)
	at org.apache.maven.surefire.junit4.JUnit4Provider.invoke(JUnit4Provider.java:112)
	at sun.reflect.NativeMethodAccessorImpl.invoke0(Native Method)
	at sun.reflect.NativeMethodAccessorImpl.invoke(NativeMethodAccessorImpl.java:62)
	at sun.reflect.DelegatingMethodAccessorImpl.invoke(DelegatingMethodAccessorImpl.java:43)
	at java.lang.reflect.Method.invoke(Method.java:498)
	at org.apache.maven.surefire.util.ReflectionUtils.invokeMethodWithArray(ReflectionUtils.java:189)
	at org.apache.maven.surefire.booter.ProviderFactory$ProviderProxy.invoke(ProviderFactory.java:165)
	at org.apache.maven.surefire.booter.ProviderFactory.invokeProvider(ProviderFactory.java:85)
	at org.apache.maven.surefire.booter.ForkedBooter.runSuitesInProcess(ForkedBooter.java:115)
	at org.apache.maven.surefire.booter.ForkedBooter.main(ForkedBooter.java:75)
Caused by: ee.sk.mid.exception.ResponseNotFound
	at ee.sk.mid.rest.MobileIdRestConnector.postRequest(MobileIdRestConnector.java:80)
	at ee.sk.mid.rest.MobileIdRestConnector.postAuthenticationRequest(MobileIdRestConnector.java:68)
	at ee.sk.mid.rest.MobileIdRestConnector.authenticate(MobileIdRestConnector.java:48)
	at ee.sk.mid.rest.MobileIdRestConnectorTest.authenticate_whenGettingSessionIdFailed_shouldThrowException(MobileIdRestConnectorTest.java:149)
	at sun.reflect.NativeMethodAccessorImpl.invoke0(Native Method)
	at sun.reflect.NativeMethodAccessorImpl.invoke(NativeMethodAccessorImpl.java:62)
	at sun.reflect.DelegatingMethodAccessorImpl.invoke(DelegatingMethodAccessorImpl.java:43)
	at java.lang.reflect.Method.invoke(Method.java:498)
	at org.junit.runners.model.FrameworkMethod$1.runReflectiveCall(FrameworkMethod.java:50)
	at org.junit.internal.runners.model.ReflectiveCallable.run(ReflectiveCallable.java:12)
	at org.junit.runners.model.FrameworkMethod.invokeExplosively(FrameworkMethod.java:47)
	at org.junit.internal.runners.statements.InvokeMethod.evaluate(InvokeMethod.java:17)
	at org.junit.internal.runners.statements.ExpectException.evaluate(ExpectException.java:19)
	... 24 more

getSessionStatus_withTimeoutParameter(ee.sk.mid.rest.MobileIdRestConnectorTest)  Time elapsed: 0.033 sec  <<< ERROR!
javax.ws.rs.client.ResponseProcessingException: com.fasterxml.jackson.databind.JsonMappingException: Can not instantiate value of type [simple type, class ee.sk.mid.rest.dao.SessionCertificate] from String value ('MIIHhjCCBW6gAwIBAgIQDNYLtVwrKURYStrYApYViTANBgkqhkiG9w0BAQsFADBoMQswCQYDVQQGEwJFRTEiMCAGA1UECgwZQVMgU2VydGlmaXRzZWVyaW1pc2tlc2t1czEXMBUGA1UEYQwOTlRSRUUtMTA3NDcwMTMxHDAaBgNVBAMME1RFU1Qgb2YgRUlELVNLIDIwMTYwHhcNMTYxMjA5MTYyNDU2WhcNMTkxMjA5MTYyNDU2WjCBvzELMAkGA1UEBhMCRUUxIjAgBgNVBAoMGUFTIFNlcnRpZml0c2VlcmltaXNrZXNrdXMxGjAYBgNVBAsMEWRpZ2l0YWwgc2lnbmF0dXJlMS0wKwYDVQQDDCRFTEZSSUlEQSxNQU5JVkFMREUsUE5PRUUtMzExMTExMTExMTExETAPBgNVBAQMCEVMRlJJSURBMRIwEAYDVQQqDAlNQU5JVkFMREUxGjAYBgNVBAUTEVBOT0VFLTMxMTExMTExMTExMIICIjANBgkqhkiG9w0BAQEFAAOCAg8AMIICCgKCAgEAgcfk+eY6dvVyDDPpJPkoKpQ08pQx5Jpfjgq+G31lRSsx03y4WYWQhILu5R4isI6DGzQ1MK2dEsW9Dl+S39y7mDDqGlviVpxCtgz14H7NG84ew8vd+sBeaYCvEhKS4+FxRWCmg5VCozr3s2Evi/ao3Wj51ThtecVmAY7PoE27Zckr0GJ/0I+JqEQx19POBr/lNkZN1AxBy8O9gvDzdpCa2Vn9qahY9eZnDGScrP2KsR34UlXa5PjEMVPtSB4btPi9VOQuRoZImGchfUyf1A2uyIPhV5aC+Zgl60B65WxZ+/nEsVN4NoSgBUv+HlwuRxJPelQKeA9tPwKroqO9PGc5/ee2C1HLH7loD+SwahSPMOY2e8CQd6pLmRF1a/H+ZPWZBW+U7Ekm3YeNNJToUkuonAQB/JbwBvHkZXwsH4/kMHyMPiws5G3nr/jyqF2595KKghIgjGHR1WhGljQzdgO5LT4uuOhesGDRYeMUanvClWSb/mt0SdS8njziY7WoYPYFFFgjRvIIK5FgOd8d2W88I5pj2/SjcXb6GMqEqI3HkCBGPDSo57nSJZzJD8KjJs/4jvzZnGwCFZ8+jeyh562B01mkFfwFaoFOYfqRG3g5sGdZUdY9Nk3FZ8dgEwylUMSxmaL0R2/mzNVasFWp482eHwlK2rae3v+QtCHGfOKn+vsCAwEAAaOCAdIwggHOMAkGA1UdEwQCMAAwDgYDVR0PAQH/BAQDAgZAMFYGA1UdIARPME0wQAYKKwYBBAHOHwMRAjAyMDAGCCsGAQUFBwIBFiRodHRwczovL3d3dy5zay5lZS9lbi9yZXBvc2l0b3J5L0NQUy8wCQYHBACL7EABATAdBgNVHQ4EFgQUNxW1gjoB4+Qh46Rj3SuULubhtUMwgZkGCCsGAQUFBwEDBIGMMIGJMAgGBgQAjkYBATAVBggrBgEFBQcLAjAJBgcEAIvsSQEBMBMGBgQAjkYBBjAJBgcEAI5GAQYBMFEGBgQAjkYBBTBHMEUWP2h0dHBzOi8vc2suZWUvZW4vcmVwb3NpdG9yeS9jb25kaXRpb25zLWZvci11c2Utb2YtY2VydGlmaWNhdGVzLxMCRU4wHwYDVR0jBBgwFoAUrrDq4Tb4JqulzAtmVf46HQK/ErQwfQYIKwYBBQUHAQEEcTBvMCkGCCsGAQUFBzABhh1odHRwOi8vYWlhLmRlbW8uc2suZWUvZWlkMjAxNjBCBggrBgEFBQcwAoY2aHR0cHM6Ly9zay5lZS91cGxvYWQvZmlsZXMvVEVTVF9vZl9FSUQtU0tfMjAxNi5kZXIuY3J0MA0GCSqGSIb3DQEBCwUAA4ICAQCH+SY8KKgw5UDlVL99ToRWPpcloyfOM64UTnNgEDXDDI5r1CNNA0OlggzoEZfakNQJamHjIT287LV7nXFsB4Q9VzyI3H1J5mzVIZrMUiE68wf25BDuA3Zwpri+f8Me78f3nowO2cJ2AiMJ83vQFKKy1LFOixWguuxioKlda2Jq7B57ty5cN+jZwLO7Vrv4Tryg9QeOaxnFvHvuZaxMnE55of7cLpfyAH/5DKvlXx4cdmh7kNO4F/o2LT7om4Cf+Sq6tFS3cUn4zcQbFKT5lw+7vfewzG6X0qYnHbe7Ts/zhh7IJpHnPF1p23ND0+jHgbcDVTFjV4pN1PhVthYHOMeDW461okw2OA/jfuQetUlDwqT5yCdjrOTMDkjZCjTMhcVPzw+7hSUUnewKiR0smuyZbKpE/ZGZWUA6K0sieGCpHGKJo99zD3zmEWmOmq++D0TmVvEiXVJs8fuNWl+VmXSStkMeNR4noHAL1PFUebXVS0lPpQZzBKgqhMGAgbwvYajZnOlvXVll6QashxFZmOVNy88O67s+a2p1SmQTtqNrlodszqkKsc28nDbbvBUd4PUD5tmVgPe29Zwnm1TxFuhl0gqvVc+qZme8zq6yd3nCKNrY6qron4Xcc1rxCWS7NcyO5JiF+qXgAuDOkSFJaaEnQh83ZJsNneXD/nyBH8kSiQ=='); no single-String constructor/factory method
 at [Source: org.glassfish.jersey.message.internal.ReaderInterceptorExecutor$UnCloseableInputStream@2d00df20; line: 7, column: 4] (through reference chain: ee.sk.mid.rest.dao.SessionStatus["cert"])
	at org.glassfish.jersey.client.JerseyInvocation.translate(JerseyInvocation.java:809)
	at org.glassfish.jersey.client.JerseyInvocation.access$700(JerseyInvocation.java:92)
	at org.glassfish.jersey.client.JerseyInvocation$2.call(JerseyInvocation.java:701)
	at org.glassfish.jersey.internal.Errors.process(Errors.java:315)
	at org.glassfish.jersey.internal.Errors.process(Errors.java:297)
	at org.glassfish.jersey.internal.Errors.process(Errors.java:228)
	at org.glassfish.jersey.process.internal.RequestScope.runInScope(RequestScope.java:444)
	at org.glassfish.jersey.client.JerseyInvocation.invoke(JerseyInvocation.java:697)
	at org.glassfish.jersey.client.JerseyInvocation$Builder.method(JerseyInvocation.java:420)
	at org.glassfish.jersey.client.JerseyInvocation$Builder.get(JerseyInvocation.java:316)
	at ee.sk.mid.rest.MobileIdRestConnector.getSessionStatus(MobileIdRestConnector.java:60)
	at ee.sk.mid.rest.MobileIdRestConnectorTest.getSessionStatus_withTimeoutParameter(MobileIdRestConnectorTest.java:121)
	at sun.reflect.NativeMethodAccessorImpl.invoke0(Native Method)
	at sun.reflect.NativeMethodAccessorImpl.invoke(NativeMethodAccessorImpl.java:62)
	at sun.reflect.DelegatingMethodAccessorImpl.invoke(DelegatingMethodAccessorImpl.java:43)
	at java.lang.reflect.Method.invoke(Method.java:498)
	at org.junit.runners.model.FrameworkMethod$1.runReflectiveCall(FrameworkMethod.java:50)
	at org.junit.internal.runners.model.ReflectiveCallable.run(ReflectiveCallable.java:12)
	at org.junit.runners.model.FrameworkMethod.invokeExplosively(FrameworkMethod.java:47)
	at org.junit.internal.runners.statements.InvokeMethod.evaluate(InvokeMethod.java:17)
	at org.junit.internal.runners.statements.RunBefores.evaluate(RunBefores.java:26)
	at com.github.tomakehurst.wiremock.junit.WireMockRule$1.evaluate(WireMockRule.java:72)
	at org.junit.rules.RunRules.evaluate(RunRules.java:20)
	at org.junit.runners.ParentRunner.runLeaf(ParentRunner.java:325)
	at org.junit.runners.BlockJUnit4ClassRunner.runChild(BlockJUnit4ClassRunner.java:78)
	at org.junit.runners.BlockJUnit4ClassRunner.runChild(BlockJUnit4ClassRunner.java:57)
	at org.junit.runners.ParentRunner$3.run(ParentRunner.java:290)
	at org.junit.runners.ParentRunner$1.schedule(ParentRunner.java:71)
	at org.junit.runners.ParentRunner.runChildren(ParentRunner.java:288)
	at org.junit.runners.ParentRunner.access$000(ParentRunner.java:58)
	at org.junit.runners.ParentRunner$2.evaluate(ParentRunner.java:268)
	at org.junit.runners.ParentRunner.run(ParentRunner.java:363)
	at org.apache.maven.surefire.junit4.JUnit4Provider.execute(JUnit4Provider.java:252)
	at org.apache.maven.surefire.junit4.JUnit4Provider.executeTestSet(JUnit4Provider.java:141)
	at org.apache.maven.surefire.junit4.JUnit4Provider.invoke(JUnit4Provider.java:112)
	at sun.reflect.NativeMethodAccessorImpl.invoke0(Native Method)
	at sun.reflect.NativeMethodAccessorImpl.invoke(NativeMethodAccessorImpl.java:62)
	at sun.reflect.DelegatingMethodAccessorImpl.invoke(DelegatingMethodAccessorImpl.java:43)
	at java.lang.reflect.Method.invoke(Method.java:498)
	at org.apache.maven.surefire.util.ReflectionUtils.invokeMethodWithArray(ReflectionUtils.java:189)
	at org.apache.maven.surefire.booter.ProviderFactory$ProviderProxy.invoke(ProviderFactory.java:165)
	at org.apache.maven.surefire.booter.ProviderFactory.invokeProvider(ProviderFactory.java:85)
	at org.apache.maven.surefire.booter.ForkedBooter.runSuitesInProcess(ForkedBooter.java:115)
	at org.apache.maven.surefire.booter.ForkedBooter.main(ForkedBooter.java:75)
Caused by: com.fasterxml.jackson.databind.JsonMappingException: Can not instantiate value of type [simple type, class ee.sk.mid.rest.dao.SessionCertificate] from String value ('MIIHhjCCBW6gAwIBAgIQDNYLtVwrKURYStrYApYViTANBgkqhkiG9w0BAQsFADBoMQswCQYDVQQGEwJFRTEiMCAGA1UECgwZQVMgU2VydGlmaXRzZWVyaW1pc2tlc2t1czEXMBUGA1UEYQwOTlRSRUUtMTA3NDcwMTMxHDAaBgNVBAMME1RFU1Qgb2YgRUlELVNLIDIwMTYwHhcNMTYxMjA5MTYyNDU2WhcNMTkxMjA5MTYyNDU2WjCBvzELMAkGA1UEBhMCRUUxIjAgBgNVBAoMGUFTIFNlcnRpZml0c2VlcmltaXNrZXNrdXMxGjAYBgNVBAsMEWRpZ2l0YWwgc2lnbmF0dXJlMS0wKwYDVQQDDCRFTEZSSUlEQSxNQU5JVkFMREUsUE5PRUUtMzExMTExMTExMTExETAPBgNVBAQMCEVMRlJJSURBMRIwEAYDVQQqDAlNQU5JVkFMREUxGjAYBgNVBAUTEVBOT0VFLTMxMTExMTExMTExMIICIjANBgkqhkiG9w0BAQEFAAOCAg8AMIICCgKCAgEAgcfk+eY6dvVyDDPpJPkoKpQ08pQx5Jpfjgq+G31lRSsx03y4WYWQhILu5R4isI6DGzQ1MK2dEsW9Dl+S39y7mDDqGlviVpxCtgz14H7NG84ew8vd+sBeaYCvEhKS4+FxRWCmg5VCozr3s2Evi/ao3Wj51ThtecVmAY7PoE27Zckr0GJ/0I+JqEQx19POBr/lNkZN1AxBy8O9gvDzdpCa2Vn9qahY9eZnDGScrP2KsR34UlXa5PjEMVPtSB4btPi9VOQuRoZImGchfUyf1A2uyIPhV5aC+Zgl60B65WxZ+/nEsVN4NoSgBUv+HlwuRxJPelQKeA9tPwKroqO9PGc5/ee2C1HLH7loD+SwahSPMOY2e8CQd6pLmRF1a/H+ZPWZBW+U7Ekm3YeNNJToUkuonAQB/JbwBvHkZXwsH4/kMHyMPiws5G3nr/jyqF2595KKghIgjGHR1WhGljQzdgO5LT4uuOhesGDRYeMUanvClWSb/mt0SdS8njziY7WoYPYFFFgjRvIIK5FgOd8d2W88I5pj2/SjcXb6GMqEqI3HkCBGPDSo57nSJZzJD8KjJs/4jvzZnGwCFZ8+jeyh562B01mkFfwFaoFOYfqRG3g5sGdZUdY9Nk3FZ8dgEwylUMSxmaL0R2/mzNVasFWp482eHwlK2rae3v+QtCHGfOKn+vsCAwEAAaOCAdIwggHOMAkGA1UdEwQCMAAwDgYDVR0PAQH/BAQDAgZAMFYGA1UdIARPME0wQAYKKwYBBAHOHwMRAjAyMDAGCCsGAQUFBwIBFiRodHRwczovL3d3dy5zay5lZS9lbi9yZXBvc2l0b3J5L0NQUy8wCQYHBACL7EABATAdBgNVHQ4EFgQUNxW1gjoB4+Qh46Rj3SuULubhtUMwgZkGCCsGAQUFBwEDBIGMMIGJMAgGBgQAjkYBATAVBggrBgEFBQcLAjAJBgcEAIvsSQEBMBMGBgQAjkYBBjAJBgcEAI5GAQYBMFEGBgQAjkYBBTBHMEUWP2h0dHBzOi8vc2suZWUvZW4vcmVwb3NpdG9yeS9jb25kaXRpb25zLWZvci11c2Utb2YtY2VydGlmaWNhdGVzLxMCRU4wHwYDVR0jBBgwFoAUrrDq4Tb4JqulzAtmVf46HQK/ErQwfQYIKwYBBQUHAQEEcTBvMCkGCCsGAQUFBzABhh1odHRwOi8vYWlhLmRlbW8uc2suZWUvZWlkMjAxNjBCBggrBgEFBQcwAoY2aHR0cHM6Ly9zay5lZS91cGxvYWQvZmlsZXMvVEVTVF9vZl9FSUQtU0tfMjAxNi5kZXIuY3J0MA0GCSqGSIb3DQEBCwUAA4ICAQCH+SY8KKgw5UDlVL99ToRWPpcloyfOM64UTnNgEDXDDI5r1CNNA0OlggzoEZfakNQJamHjIT287LV7nXFsB4Q9VzyI3H1J5mzVIZrMUiE68wf25BDuA3Zwpri+f8Me78f3nowO2cJ2AiMJ83vQFKKy1LFOixWguuxioKlda2Jq7B57ty5cN+jZwLO7Vrv4Tryg9QeOaxnFvHvuZaxMnE55of7cLpfyAH/5DKvlXx4cdmh7kNO4F/o2LT7om4Cf+Sq6tFS3cUn4zcQbFKT5lw+7vfewzG6X0qYnHbe7Ts/zhh7IJpHnPF1p23ND0+jHgbcDVTFjV4pN1PhVthYHOMeDW461okw2OA/jfuQetUlDwqT5yCdjrOTMDkjZCjTMhcVPzw+7hSUUnewKiR0smuyZbKpE/ZGZWUA6K0sieGCpHGKJo99zD3zmEWmOmq++D0TmVvEiXVJs8fuNWl+VmXSStkMeNR4noHAL1PFUebXVS0lPpQZzBKgqhMGAgbwvYajZnOlvXVll6QashxFZmOVNy88O67s+a2p1SmQTtqNrlodszqkKsc28nDbbvBUd4PUD5tmVgPe29Zwnm1TxFuhl0gqvVc+qZme8zq6yd3nCKNrY6qron4Xcc1rxCWS7NcyO5JiF+qXgAuDOkSFJaaEnQh83ZJsNneXD/nyBH8kSiQ=='); no single-String constructor/factory method
 at [Source: org.glassfish.jersey.message.internal.ReaderInterceptorExecutor$UnCloseableInputStream@2d00df20; line: 7, column: 4] (through reference chain: ee.sk.mid.rest.dao.SessionStatus["cert"])
	at com.fasterxml.jackson.databind.JsonMappingException.from(JsonMappingException.java:148)
	at com.fasterxml.jackson.databind.DeserializationContext.mappingException(DeserializationContext.java:875)
	at com.fasterxml.jackson.databind.deser.ValueInstantiator._createFromStringFallbacks(ValueInstantiator.java:281)
	at com.fasterxml.jackson.databind.deser.std.StdValueInstantiator.createFromString(StdValueInstantiator.java:284)
	at com.fasterxml.jackson.databind.deser.BeanDeserializerBase.deserializeFromString(BeanDeserializerBase.java:1176)
	at com.fasterxml.jackson.databind.deser.BeanDeserializer._deserializeOther(BeanDeserializer.java:143)
	at com.fasterxml.jackson.databind.deser.BeanDeserializer.deserialize(BeanDeserializer.java:134)
	at com.fasterxml.jackson.databind.deser.SettableBeanProperty.deserialize(SettableBeanProperty.java:520)
	at com.fasterxml.jackson.databind.deser.impl.MethodProperty.deserializeAndSet(MethodProperty.java:95)
	at com.fasterxml.jackson.databind.deser.BeanDeserializer.vanillaDeserialize(BeanDeserializer.java:256)
	at com.fasterxml.jackson.databind.deser.BeanDeserializer.deserialize(BeanDeserializer.java:125)
	at com.fasterxml.jackson.databind.ObjectReader._bind(ObjectReader.java:1470)
	at com.fasterxml.jackson.databind.ObjectReader.readValue(ObjectReader.java:912)
	at com.fasterxml.jackson.jaxrs.base.ProviderBase.readFrom(ProviderBase.java:810)
	at org.glassfish.jersey.message.internal.ReaderInterceptorExecutor$TerminalReaderInterceptor.invokeReadFrom(ReaderInterceptorExecutor.java:256)
	at org.glassfish.jersey.message.internal.ReaderInterceptorExecutor$TerminalReaderInterceptor.aroundReadFrom(ReaderInterceptorExecutor.java:235)
	at org.glassfish.jersey.message.internal.ReaderInterceptorExecutor.proceed(ReaderInterceptorExecutor.java:155)
	at org.glassfish.jersey.message.internal.MessageBodyFactory.readFrom(MessageBodyFactory.java:1085)
	at org.glassfish.jersey.message.internal.InboundMessageContext.readEntity(InboundMessageContext.java:874)
	at org.glassfish.jersey.message.internal.InboundMessageContext.readEntity(InboundMessageContext.java:808)
	at org.glassfish.jersey.client.ClientResponse.readEntity(ClientResponse.java:326)
	at org.glassfish.jersey.client.JerseyInvocation.translate(JerseyInvocation.java:806)
	... 43 more

getSessionStatus_whenNotMIDClient(ee.sk.mid.rest.MobileIdRestConnectorTest)  Time elapsed: 0.007 sec  <<< FAILURE!
java.lang.AssertionError: File not found: responses/sessionStatusNotMIDClient.json
	at org.junit.Assert.fail(Assert.java:88)
	at org.junit.Assert.assertTrue(Assert.java:41)
	at org.junit.Assert.assertNotNull(Assert.java:712)
	at ee.sk.mid.test.MobileIdRestServiceStubs.readFileBody(MobileIdRestServiceStubs.java:87)
	at ee.sk.mid.test.MobileIdRestServiceStubs.stubRequestWithResponse(MobileIdRestServiceStubs.java:31)
	at ee.sk.mid.rest.MobileIdRestConnectorTest.getStubbedSessionStatusWithResponse(MobileIdRestConnectorTest.java:206)
	at ee.sk.mid.rest.MobileIdRestConnectorTest.getSessionStatus_whenNotMIDClient(MobileIdRestConnectorTest.java:70)
	at sun.reflect.NativeMethodAccessorImpl.invoke0(Native Method)
	at sun.reflect.NativeMethodAccessorImpl.invoke(NativeMethodAccessorImpl.java:62)
	at sun.reflect.DelegatingMethodAccessorImpl.invoke(DelegatingMethodAccessorImpl.java:43)
	at java.lang.reflect.Method.invoke(Method.java:498)
	at org.junit.runners.model.FrameworkMethod$1.runReflectiveCall(FrameworkMethod.java:50)
	at org.junit.internal.runners.model.ReflectiveCallable.run(ReflectiveCallable.java:12)
	at org.junit.runners.model.FrameworkMethod.invokeExplosively(FrameworkMethod.java:47)
	at org.junit.internal.runners.statements.InvokeMethod.evaluate(InvokeMethod.java:17)
	at org.junit.internal.runners.statements.RunBefores.evaluate(RunBefores.java:26)
	at com.github.tomakehurst.wiremock.junit.WireMockRule$1.evaluate(WireMockRule.java:72)
	at org.junit.rules.RunRules.evaluate(RunRules.java:20)
	at org.junit.runners.ParentRunner.runLeaf(ParentRunner.java:325)
	at org.junit.runners.BlockJUnit4ClassRunner.runChild(BlockJUnit4ClassRunner.java:78)
	at org.junit.runners.BlockJUnit4ClassRunner.runChild(BlockJUnit4ClassRunner.java:57)
	at org.junit.runners.ParentRunner$3.run(ParentRunner.java:290)
	at org.junit.runners.ParentRunner$1.schedule(ParentRunner.java:71)
	at org.junit.runners.ParentRunner.runChildren(ParentRunner.java:288)
	at org.junit.runners.ParentRunner.access$000(ParentRunner.java:58)
	at org.junit.runners.ParentRunner$2.evaluate(ParentRunner.java:268)
	at org.junit.runners.ParentRunner.run(ParentRunner.java:363)
	at org.apache.maven.surefire.junit4.JUnit4Provider.execute(JUnit4Provider.java:252)
	at org.apache.maven.surefire.junit4.JUnit4Provider.executeTestSet(JUnit4Provider.java:141)
	at org.apache.maven.surefire.junit4.JUnit4Provider.invoke(JUnit4Provider.java:112)
	at sun.reflect.NativeMethodAccessorImpl.invoke0(Native Method)
	at sun.reflect.NativeMethodAccessorImpl.invoke(NativeMethodAccessorImpl.java:62)
	at sun.reflect.DelegatingMethodAccessorImpl.invoke(DelegatingMethodAccessorImpl.java:43)
	at java.lang.reflect.Method.invoke(Method.java:498)
	at org.apache.maven.surefire.util.ReflectionUtils.invokeMethodWithArray(ReflectionUtils.java:189)
	at org.apache.maven.surefire.booter.ProviderFactory$ProviderProxy.invoke(ProviderFactory.java:165)
	at org.apache.maven.surefire.booter.ProviderFactory.invokeProvider(ProviderFactory.java:85)
	at org.apache.maven.surefire.booter.ForkedBooter.runSuitesInProcess(ForkedBooter.java:115)
	at org.apache.maven.surefire.booter.ForkedBooter.main(ForkedBooter.java:75)

authenticate_withDisplayText(ee.sk.mid.rest.MobileIdRestConnectorTest)  Time elapsed: 0.03 sec  <<< ERROR!
ee.sk.mid.exception.ResponseNotFound
	at ee.sk.mid.rest.MobileIdRestConnector.postRequest(MobileIdRestConnector.java:80)
	at ee.sk.mid.rest.MobileIdRestConnector.postAuthenticationRequest(MobileIdRestConnector.java:68)
	at ee.sk.mid.rest.MobileIdRestConnector.authenticate(MobileIdRestConnector.java:48)
	at ee.sk.mid.rest.MobileIdRestConnectorTest.authenticate_withDisplayText(MobileIdRestConnectorTest.java:140)
	at sun.reflect.NativeMethodAccessorImpl.invoke0(Native Method)
	at sun.reflect.NativeMethodAccessorImpl.invoke(NativeMethodAccessorImpl.java:62)
	at sun.reflect.DelegatingMethodAccessorImpl.invoke(DelegatingMethodAccessorImpl.java:43)
	at java.lang.reflect.Method.invoke(Method.java:498)
	at org.junit.runners.model.FrameworkMethod$1.runReflectiveCall(FrameworkMethod.java:50)
	at org.junit.internal.runners.model.ReflectiveCallable.run(ReflectiveCallable.java:12)
	at org.junit.runners.model.FrameworkMethod.invokeExplosively(FrameworkMethod.java:47)
	at org.junit.internal.runners.statements.InvokeMethod.evaluate(InvokeMethod.java:17)
	at org.junit.internal.runners.statements.RunBefores.evaluate(RunBefores.java:26)
	at com.github.tomakehurst.wiremock.junit.WireMockRule$1.evaluate(WireMockRule.java:72)
	at org.junit.rules.RunRules.evaluate(RunRules.java:20)
	at org.junit.runners.ParentRunner.runLeaf(ParentRunner.java:325)
	at org.junit.runners.BlockJUnit4ClassRunner.runChild(BlockJUnit4ClassRunner.java:78)
	at org.junit.runners.BlockJUnit4ClassRunner.runChild(BlockJUnit4ClassRunner.java:57)
	at org.junit.runners.ParentRunner$3.run(ParentRunner.java:290)
	at org.junit.runners.ParentRunner$1.schedule(ParentRunner.java:71)
	at org.junit.runners.ParentRunner.runChildren(ParentRunner.java:288)
	at org.junit.runners.ParentRunner.access$000(ParentRunner.java:58)
	at org.junit.runners.ParentRunner$2.evaluate(ParentRunner.java:268)
	at org.junit.runners.ParentRunner.run(ParentRunner.java:363)
	at org.apache.maven.surefire.junit4.JUnit4Provider.execute(JUnit4Provider.java:252)
	at org.apache.maven.surefire.junit4.JUnit4Provider.executeTestSet(JUnit4Provider.java:141)
	at org.apache.maven.surefire.junit4.JUnit4Provider.invoke(JUnit4Provider.java:112)
	at sun.reflect.NativeMethodAccessorImpl.invoke0(Native Method)
	at sun.reflect.NativeMethodAccessorImpl.invoke(NativeMethodAccessorImpl.java:62)
	at sun.reflect.DelegatingMethodAccessorImpl.invoke(DelegatingMethodAccessorImpl.java:43)
	at java.lang.reflect.Method.invoke(Method.java:498)
	at org.apache.maven.surefire.util.ReflectionUtils.invokeMethodWithArray(ReflectionUtils.java:189)
	at org.apache.maven.surefire.booter.ProviderFactory$ProviderProxy.invoke(ProviderFactory.java:165)
	at org.apache.maven.surefire.booter.ProviderFactory.invokeProvider(ProviderFactory.java:85)
	at org.apache.maven.surefire.booter.ForkedBooter.runSuitesInProcess(ForkedBooter.java:115)
	at org.apache.maven.surefire.booter.ForkedBooter.main(ForkedBooter.java:75)

verifyCustomRequestHeaderPresent_whenRequestingSessionStatus(ee.sk.mid.rest.MobileIdRestConnectorTest)  Time elapsed: 0.006 sec  <<< FAILURE!
java.lang.AssertionError: File not found: responses/sessionStatusForSuccessfulCertificateRequest.json
	at org.junit.Assert.fail(Assert.java:88)
	at org.junit.Assert.assertTrue(Assert.java:41)
	at org.junit.Assert.assertNotNull(Assert.java:712)
	at ee.sk.mid.test.MobileIdRestServiceStubs.readFileBody(MobileIdRestServiceStubs.java:87)
	at ee.sk.mid.test.MobileIdRestServiceStubs.stubRequestWithResponse(MobileIdRestServiceStubs.java:31)
	at ee.sk.mid.rest.MobileIdRestConnectorTest.verifyCustomRequestHeaderPresent_whenRequestingSessionStatus(MobileIdRestConnectorTest.java:197)
	at sun.reflect.NativeMethodAccessorImpl.invoke0(Native Method)
	at sun.reflect.NativeMethodAccessorImpl.invoke(NativeMethodAccessorImpl.java:62)
	at sun.reflect.DelegatingMethodAccessorImpl.invoke(DelegatingMethodAccessorImpl.java:43)
	at java.lang.reflect.Method.invoke(Method.java:498)
	at org.junit.runners.model.FrameworkMethod$1.runReflectiveCall(FrameworkMethod.java:50)
	at org.junit.internal.runners.model.ReflectiveCallable.run(ReflectiveCallable.java:12)
	at org.junit.runners.model.FrameworkMethod.invokeExplosively(FrameworkMethod.java:47)
	at org.junit.internal.runners.statements.InvokeMethod.evaluate(InvokeMethod.java:17)
	at org.junit.internal.runners.statements.RunBefores.evaluate(RunBefores.java:26)
	at com.github.tomakehurst.wiremock.junit.WireMockRule$1.evaluate(WireMockRule.java:72)
	at org.junit.rules.RunRules.evaluate(RunRules.java:20)
	at org.junit.runners.ParentRunner.runLeaf(ParentRunner.java:325)
	at org.junit.runners.BlockJUnit4ClassRunner.runChild(BlockJUnit4ClassRunner.java:78)
	at org.junit.runners.BlockJUnit4ClassRunner.runChild(BlockJUnit4ClassRunner.java:57)
	at org.junit.runners.ParentRunner$3.run(ParentRunner.java:290)
	at org.junit.runners.ParentRunner$1.schedule(ParentRunner.java:71)
	at org.junit.runners.ParentRunner.runChildren(ParentRunner.java:288)
	at org.junit.runners.ParentRunner.access$000(ParentRunner.java:58)
	at org.junit.runners.ParentRunner$2.evaluate(ParentRunner.java:268)
	at org.junit.runners.ParentRunner.run(ParentRunner.java:363)
	at org.apache.maven.surefire.junit4.JUnit4Provider.execute(JUnit4Provider.java:252)
	at org.apache.maven.surefire.junit4.JUnit4Provider.executeTestSet(JUnit4Provider.java:141)
	at org.apache.maven.surefire.junit4.JUnit4Provider.invoke(JUnit4Provider.java:112)
	at sun.reflect.NativeMethodAccessorImpl.invoke0(Native Method)
	at sun.reflect.NativeMethodAccessorImpl.invoke(NativeMethodAccessorImpl.java:62)
	at sun.reflect.DelegatingMethodAccessorImpl.invoke(DelegatingMethodAccessorImpl.java:43)
	at java.lang.reflect.Method.invoke(Method.java:498)
	at org.apache.maven.surefire.util.ReflectionUtils.invokeMethodWithArray(ReflectionUtils.java:189)
	at org.apache.maven.surefire.booter.ProviderFactory$ProviderProxy.invoke(ProviderFactory.java:165)
	at org.apache.maven.surefire.booter.ProviderFactory.invokeProvider(ProviderFactory.java:85)
	at org.apache.maven.surefire.booter.ForkedBooter.runSuitesInProcess(ForkedBooter.java:115)
	at org.apache.maven.surefire.booter.ForkedBooter.main(ForkedBooter.java:75)

verifyCustomRequestHeaderPresent_whenAuthenticating(ee.sk.mid.rest.MobileIdRestConnectorTest)  Time elapsed: 0.033 sec  <<< ERROR!
ee.sk.mid.exception.ResponseNotFound
	at ee.sk.mid.rest.MobileIdRestConnector.postRequest(MobileIdRestConnector.java:80)
	at ee.sk.mid.rest.MobileIdRestConnector.postAuthenticationRequest(MobileIdRestConnector.java:68)
	at ee.sk.mid.rest.MobileIdRestConnector.authenticate(MobileIdRestConnector.java:48)
	at ee.sk.mid.rest.MobileIdRestConnectorTest.verifyCustomRequestHeaderPresent_whenAuthenticating(MobileIdRestConnectorTest.java:183)
	at sun.reflect.NativeMethodAccessorImpl.invoke0(Native Method)
	at sun.reflect.NativeMethodAccessorImpl.invoke(NativeMethodAccessorImpl.java:62)
	at sun.reflect.DelegatingMethodAccessorImpl.invoke(DelegatingMethodAccessorImpl.java:43)
	at java.lang.reflect.Method.invoke(Method.java:498)
	at org.junit.runners.model.FrameworkMethod$1.runReflectiveCall(FrameworkMethod.java:50)
	at org.junit.internal.runners.model.ReflectiveCallable.run(ReflectiveCallable.java:12)
	at org.junit.runners.model.FrameworkMethod.invokeExplosively(FrameworkMethod.java:47)
	at org.junit.internal.runners.statements.InvokeMethod.evaluate(InvokeMethod.java:17)
	at org.junit.internal.runners.statements.RunBefores.evaluate(RunBefores.java:26)
	at com.github.tomakehurst.wiremock.junit.WireMockRule$1.evaluate(WireMockRule.java:72)
	at org.junit.rules.RunRules.evaluate(RunRules.java:20)
	at org.junit.runners.ParentRunner.runLeaf(ParentRunner.java:325)
	at org.junit.runners.BlockJUnit4ClassRunner.runChild(BlockJUnit4ClassRunner.java:78)
	at org.junit.runners.BlockJUnit4ClassRunner.runChild(BlockJUnit4ClassRunner.java:57)
	at org.junit.runners.ParentRunner$3.run(ParentRunner.java:290)
	at org.junit.runners.ParentRunner$1.schedule(ParentRunner.java:71)
	at org.junit.runners.ParentRunner.runChildren(ParentRunner.java:288)
	at org.junit.runners.ParentRunner.access$000(ParentRunner.java:58)
	at org.junit.runners.ParentRunner$2.evaluate(ParentRunner.java:268)
	at org.junit.runners.ParentRunner.run(ParentRunner.java:363)
	at org.apache.maven.surefire.junit4.JUnit4Provider.execute(JUnit4Provider.java:252)
	at org.apache.maven.surefire.junit4.JUnit4Provider.executeTestSet(JUnit4Provider.java:141)
	at org.apache.maven.surefire.junit4.JUnit4Provider.invoke(JUnit4Provider.java:112)
	at sun.reflect.NativeMethodAccessorImpl.invoke0(Native Method)
	at sun.reflect.NativeMethodAccessorImpl.invoke(NativeMethodAccessorImpl.java:62)
	at sun.reflect.DelegatingMethodAccessorImpl.invoke(DelegatingMethodAccessorImpl.java:43)
	at java.lang.reflect.Method.invoke(Method.java:498)
	at org.apache.maven.surefire.util.ReflectionUtils.invokeMethodWithArray(ReflectionUtils.java:189)
	at org.apache.maven.surefire.booter.ProviderFactory$ProviderProxy.invoke(ProviderFactory.java:165)
	at org.apache.maven.surefire.booter.ProviderFactory.invokeProvider(ProviderFactory.java:85)
	at org.apache.maven.surefire.booter.ForkedBooter.runSuitesInProcess(ForkedBooter.java:115)
	at org.apache.maven.surefire.booter.ForkedBooter.main(ForkedBooter.java:75)

getRunningSessionStatus(ee.sk.mid.rest.MobileIdRestConnectorTest)  Time elapsed: 0.031 sec  <<< ERROR!
javax.ws.rs.client.ResponseProcessingException: com.fasterxml.jackson.databind.JsonMappingException: Can not deserialize instance of java.lang.String out of START_OBJECT token
 at [Source: org.glassfish.jersey.message.internal.ReaderInterceptorExecutor$UnCloseableInputStream@7b7039ac; line: 2, column: 21] (through reference chain: ee.sk.mid.rest.dao.SessionStatus["result"])
	at org.glassfish.jersey.client.JerseyInvocation.translate(JerseyInvocation.java:809)
	at org.glassfish.jersey.client.JerseyInvocation.access$700(JerseyInvocation.java:92)
	at org.glassfish.jersey.client.JerseyInvocation$2.call(JerseyInvocation.java:701)
	at org.glassfish.jersey.internal.Errors.process(Errors.java:315)
	at org.glassfish.jersey.internal.Errors.process(Errors.java:297)
	at org.glassfish.jersey.internal.Errors.process(Errors.java:228)
	at org.glassfish.jersey.process.internal.RequestScope.runInScope(RequestScope.java:444)
	at org.glassfish.jersey.client.JerseyInvocation.invoke(JerseyInvocation.java:697)
	at org.glassfish.jersey.client.JerseyInvocation$Builder.method(JerseyInvocation.java:420)
	at org.glassfish.jersey.client.JerseyInvocation$Builder.get(JerseyInvocation.java:316)
	at ee.sk.mid.rest.MobileIdRestConnector.getSessionStatus(MobileIdRestConnector.java:60)
	at ee.sk.mid.rest.MobileIdRestConnectorTest.getStubbedSessionStatusWithResponse(MobileIdRestConnectorTest.java:208)
	at ee.sk.mid.rest.MobileIdRestConnectorTest.getRunningSessionStatus(MobileIdRestConnectorTest.java:51)
	at sun.reflect.NativeMethodAccessorImpl.invoke0(Native Method)
	at sun.reflect.NativeMethodAccessorImpl.invoke(NativeMethodAccessorImpl.java:62)
	at sun.reflect.DelegatingMethodAccessorImpl.invoke(DelegatingMethodAccessorImpl.java:43)
	at java.lang.reflect.Method.invoke(Method.java:498)
	at org.junit.runners.model.FrameworkMethod$1.runReflectiveCall(FrameworkMethod.java:50)
	at org.junit.internal.runners.model.ReflectiveCallable.run(ReflectiveCallable.java:12)
	at org.junit.runners.model.FrameworkMethod.invokeExplosively(FrameworkMethod.java:47)
	at org.junit.internal.runners.statements.InvokeMethod.evaluate(InvokeMethod.java:17)
	at org.junit.internal.runners.statements.RunBefores.evaluate(RunBefores.java:26)
	at com.github.tomakehurst.wiremock.junit.WireMockRule$1.evaluate(WireMockRule.java:72)
	at org.junit.rules.RunRules.evaluate(RunRules.java:20)
	at org.junit.runners.ParentRunner.runLeaf(ParentRunner.java:325)
	at org.junit.runners.BlockJUnit4ClassRunner.runChild(BlockJUnit4ClassRunner.java:78)
	at org.junit.runners.BlockJUnit4ClassRunner.runChild(BlockJUnit4ClassRunner.java:57)
	at org.junit.runners.ParentRunner$3.run(ParentRunner.java:290)
	at org.junit.runners.ParentRunner$1.schedule(ParentRunner.java:71)
	at org.junit.runners.ParentRunner.runChildren(ParentRunner.java:288)
	at org.junit.runners.ParentRunner.access$000(ParentRunner.java:58)
	at org.junit.runners.ParentRunner$2.evaluate(ParentRunner.java:268)
	at org.junit.runners.ParentRunner.run(ParentRunner.java:363)
	at org.apache.maven.surefire.junit4.JUnit4Provider.execute(JUnit4Provider.java:252)
	at org.apache.maven.surefire.junit4.JUnit4Provider.executeTestSet(JUnit4Provider.java:141)
	at org.apache.maven.surefire.junit4.JUnit4Provider.invoke(JUnit4Provider.java:112)
	at sun.reflect.NativeMethodAccessorImpl.invoke0(Native Method)
	at sun.reflect.NativeMethodAccessorImpl.invoke(NativeMethodAccessorImpl.java:62)
	at sun.reflect.DelegatingMethodAccessorImpl.invoke(DelegatingMethodAccessorImpl.java:43)
	at java.lang.reflect.Method.invoke(Method.java:498)
	at org.apache.maven.surefire.util.ReflectionUtils.invokeMethodWithArray(ReflectionUtils.java:189)
	at org.apache.maven.surefire.booter.ProviderFactory$ProviderProxy.invoke(ProviderFactory.java:165)
	at org.apache.maven.surefire.booter.ProviderFactory.invokeProvider(ProviderFactory.java:85)
	at org.apache.maven.surefire.booter.ForkedBooter.runSuitesInProcess(ForkedBooter.java:115)
	at org.apache.maven.surefire.booter.ForkedBooter.main(ForkedBooter.java:75)
Caused by: com.fasterxml.jackson.databind.JsonMappingException: Can not deserialize instance of java.lang.String out of START_OBJECT token
 at [Source: org.glassfish.jersey.message.internal.ReaderInterceptorExecutor$UnCloseableInputStream@7b7039ac; line: 2, column: 21] (through reference chain: ee.sk.mid.rest.dao.SessionStatus["result"])
	at com.fasterxml.jackson.databind.JsonMappingException.from(JsonMappingException.java:148)
	at com.fasterxml.jackson.databind.DeserializationContext.mappingException(DeserializationContext.java:854)
	at com.fasterxml.jackson.databind.deser.std.StringDeserializer.deserialize(StringDeserializer.java:62)
	at com.fasterxml.jackson.databind.deser.std.StringDeserializer.deserialize(StringDeserializer.java:11)
	at com.fasterxml.jackson.databind.deser.SettableBeanProperty.deserialize(SettableBeanProperty.java:520)
	at com.fasterxml.jackson.databind.deser.impl.MethodProperty.deserializeAndSet(MethodProperty.java:95)
	at com.fasterxml.jackson.databind.deser.BeanDeserializer.vanillaDeserialize(BeanDeserializer.java:256)
	at com.fasterxml.jackson.databind.deser.BeanDeserializer.deserialize(BeanDeserializer.java:125)
	at com.fasterxml.jackson.databind.ObjectReader._bind(ObjectReader.java:1470)
	at com.fasterxml.jackson.databind.ObjectReader.readValue(ObjectReader.java:912)
	at com.fasterxml.jackson.jaxrs.base.ProviderBase.readFrom(ProviderBase.java:810)
	at org.glassfish.jersey.message.internal.ReaderInterceptorExecutor$TerminalReaderInterceptor.invokeReadFrom(ReaderInterceptorExecutor.java:256)
	at org.glassfish.jersey.message.internal.ReaderInterceptorExecutor$TerminalReaderInterceptor.aroundReadFrom(ReaderInterceptorExecutor.java:235)
	at org.glassfish.jersey.message.internal.ReaderInterceptorExecutor.proceed(ReaderInterceptorExecutor.java:155)
	at org.glassfish.jersey.message.internal.MessageBodyFactory.readFrom(MessageBodyFactory.java:1085)
	at org.glassfish.jersey.message.internal.InboundMessageContext.readEntity(InboundMessageContext.java:874)
	at org.glassfish.jersey.message.internal.InboundMessageContext.readEntity(InboundMessageContext.java:808)
	at org.glassfish.jersey.client.ClientResponse.readEntity(ClientResponse.java:326)
	at org.glassfish.jersey.client.JerseyInvocation.translate(JerseyInvocation.java:806)
	... 44 more

authenticate_whenResponseNotFound_shouldThrowException(ee.sk.mid.rest.MobileIdRestConnectorTest)  Time elapsed: 0.04 sec  <<< FAILURE!
com.github.tomakehurst.wiremock.client.VerificationException: A request was unmatched by any stub mapping. Closest stub mapping was:  expected:<
POST
/authentication

Accept: application/json
{
  "relyingPartyUUID" : "e8189051-5634-4fbe-a6e8-fe1b9a9ef445",
  "relyingPartyName" : "ToomasBank",
  "phoneNumber" : "+37200007",
  "nationalIdentityNumber" : "14212128025",
  "hash" : "K74MSLkafRuKZ1Ooucvh2xa4Q3nz+R/hFWIShN96SPHNcem+uQ6mFMe9kkJQqp5EaoZnJeaFpl310TmlzRgNyQ==",
  "hashType" : "SHA512",
  "language" : "EST"
}> but was:<
POST
/mid-api/authentication

Accept: application/json
{
  "relyingPartyUUID" : "e8189051-5634-4fbe-a6e8-fe1b9a9ef445",
  "relyingPartyName" : "ToomasBank",
  "phoneNumber" : "+37200007",
  "nationalIdentityNumber" : "14212128025",
  "hash" : "K74MSLkafRuKZ1Ooucvh2xa4Q3nz+R/hFWIShN96SPHNcem+uQ6mFMe9kkJQqp5EaoZnJeaFpl310TmlzRgNyQ==",
  "hashType" : "SHA512",
  "language" : "EST"
}>
	at com.github.tomakehurst.wiremock.client.VerificationException.forSingleUnmatchedRequest(VerificationException.java:43)
	at com.github.tomakehurst.wiremock.client.VerificationException.forUnmatchedRequests(VerificationException.java:48)
	at com.github.tomakehurst.wiremock.junit.WireMockRule.checkForUnmatchedRequests(WireMockRule.java:87)
	at com.github.tomakehurst.wiremock.junit.WireMockRule.access$000(WireMockRule.java:33)
	at com.github.tomakehurst.wiremock.junit.WireMockRule$1.evaluate(WireMockRule.java:73)
	at org.junit.rules.RunRules.evaluate(RunRules.java:20)
	at org.junit.runners.ParentRunner.runLeaf(ParentRunner.java:325)
	at org.junit.runners.BlockJUnit4ClassRunner.runChild(BlockJUnit4ClassRunner.java:78)
	at org.junit.runners.BlockJUnit4ClassRunner.runChild(BlockJUnit4ClassRunner.java:57)
	at org.junit.runners.ParentRunner$3.run(ParentRunner.java:290)
	at org.junit.runners.ParentRunner$1.schedule(ParentRunner.java:71)
	at org.junit.runners.ParentRunner.runChildren(ParentRunner.java:288)
	at org.junit.runners.ParentRunner.access$000(ParentRunner.java:58)
	at org.junit.runners.ParentRunner$2.evaluate(ParentRunner.java:268)
	at org.junit.runners.ParentRunner.run(ParentRunner.java:363)
	at org.apache.maven.surefire.junit4.JUnit4Provider.execute(JUnit4Provider.java:252)
	at org.apache.maven.surefire.junit4.JUnit4Provider.executeTestSet(JUnit4Provider.java:141)
	at org.apache.maven.surefire.junit4.JUnit4Provider.invoke(JUnit4Provider.java:112)
	at sun.reflect.NativeMethodAccessorImpl.invoke0(Native Method)
	at sun.reflect.NativeMethodAccessorImpl.invoke(NativeMethodAccessorImpl.java:62)
	at sun.reflect.DelegatingMethodAccessorImpl.invoke(DelegatingMethodAccessorImpl.java:43)
	at java.lang.reflect.Method.invoke(Method.java:498)
	at org.apache.maven.surefire.util.ReflectionUtils.invokeMethodWithArray(ReflectionUtils.java:189)
	at org.apache.maven.surefire.booter.ProviderFactory$ProviderProxy.invoke(ProviderFactory.java:165)
	at org.apache.maven.surefire.booter.ProviderFactory.invokeProvider(ProviderFactory.java:85)
	at org.apache.maven.surefire.booter.ForkedBooter.runSuitesInProcess(ForkedBooter.java:115)
	at org.apache.maven.surefire.booter.ForkedBooter.main(ForkedBooter.java:75)

authenticate_withWrongRequestParams_shouldThrowException(ee.sk.mid.rest.MobileIdRestConnectorTest)  Time elapsed: 0.045 sec  <<< ERROR!
java.lang.Exception: Unexpected exception, expected<ee.sk.mid.exception.ParameterMissingException> but was<ee.sk.mid.exception.ResponseNotFound>
	at org.junit.internal.runners.statements.ExpectException.evaluate(ExpectException.java:28)
	at org.junit.internal.runners.statements.RunBefores.evaluate(RunBefores.java:26)
	at com.github.tomakehurst.wiremock.junit.WireMockRule$1.evaluate(WireMockRule.java:72)
	at org.junit.rules.RunRules.evaluate(RunRules.java:20)
	at org.junit.runners.ParentRunner.runLeaf(ParentRunner.java:325)
	at org.junit.runners.BlockJUnit4ClassRunner.runChild(BlockJUnit4ClassRunner.java:78)
	at org.junit.runners.BlockJUnit4ClassRunner.runChild(BlockJUnit4ClassRunner.java:57)
	at org.junit.runners.ParentRunner$3.run(ParentRunner.java:290)
	at org.junit.runners.ParentRunner$1.schedule(ParentRunner.java:71)
	at org.junit.runners.ParentRunner.runChildren(ParentRunner.java:288)
	at org.junit.runners.ParentRunner.access$000(ParentRunner.java:58)
	at org.junit.runners.ParentRunner$2.evaluate(ParentRunner.java:268)
	at org.junit.runners.ParentRunner.run(ParentRunner.java:363)
	at org.apache.maven.surefire.junit4.JUnit4Provider.execute(JUnit4Provider.java:252)
	at org.apache.maven.surefire.junit4.JUnit4Provider.executeTestSet(JUnit4Provider.java:141)
	at org.apache.maven.surefire.junit4.JUnit4Provider.invoke(JUnit4Provider.java:112)
	at sun.reflect.NativeMethodAccessorImpl.invoke0(Native Method)
	at sun.reflect.NativeMethodAccessorImpl.invoke(NativeMethodAccessorImpl.java:62)
	at sun.reflect.DelegatingMethodAccessorImpl.invoke(DelegatingMethodAccessorImpl.java:43)
	at java.lang.reflect.Method.invoke(Method.java:498)
	at org.apache.maven.surefire.util.ReflectionUtils.invokeMethodWithArray(ReflectionUtils.java:189)
	at org.apache.maven.surefire.booter.ProviderFactory$ProviderProxy.invoke(ProviderFactory.java:165)
	at org.apache.maven.surefire.booter.ProviderFactory.invokeProvider(ProviderFactory.java:85)
	at org.apache.maven.surefire.booter.ForkedBooter.runSuitesInProcess(ForkedBooter.java:115)
	at org.apache.maven.surefire.booter.ForkedBooter.main(ForkedBooter.java:75)
Caused by: ee.sk.mid.exception.ResponseNotFound
	at ee.sk.mid.rest.MobileIdRestConnector.postRequest(MobileIdRestConnector.java:80)
	at ee.sk.mid.rest.MobileIdRestConnector.postAuthenticationRequest(MobileIdRestConnector.java:68)
	at ee.sk.mid.rest.MobileIdRestConnector.authenticate(MobileIdRestConnector.java:48)
	at ee.sk.mid.rest.MobileIdRestConnectorTest.authenticate_withWrongRequestParams_shouldThrowException(MobileIdRestConnectorTest.java:163)
	at sun.reflect.NativeMethodAccessorImpl.invoke0(Native Method)
	at sun.reflect.NativeMethodAccessorImpl.invoke(NativeMethodAccessorImpl.java:62)
	at sun.reflect.DelegatingMethodAccessorImpl.invoke(DelegatingMethodAccessorImpl.java:43)
	at java.lang.reflect.Method.invoke(Method.java:498)
	at org.junit.runners.model.FrameworkMethod$1.runReflectiveCall(FrameworkMethod.java:50)
	at org.junit.internal.runners.model.ReflectiveCallable.run(ReflectiveCallable.java:12)
	at org.junit.runners.model.FrameworkMethod.invokeExplosively(FrameworkMethod.java:47)
	at org.junit.internal.runners.statements.InvokeMethod.evaluate(InvokeMethod.java:17)
	at org.junit.internal.runners.statements.ExpectException.evaluate(ExpectException.java:19)
	... 24 more

authenticate(ee.sk.mid.rest.MobileIdRestConnectorTest)  Time elapsed: 0.028 sec  <<< ERROR!
ee.sk.mid.exception.ResponseNotFound
	at ee.sk.mid.rest.MobileIdRestConnector.postRequest(MobileIdRestConnector.java:80)
	at ee.sk.mid.rest.MobileIdRestConnector.postAuthenticationRequest(MobileIdRestConnector.java:68)
	at ee.sk.mid.rest.MobileIdRestConnector.authenticate(MobileIdRestConnector.java:48)
	at ee.sk.mid.rest.MobileIdRestConnectorTest.authenticate(MobileIdRestConnectorTest.java:130)
	at sun.reflect.NativeMethodAccessorImpl.invoke0(Native Method)
	at sun.reflect.NativeMethodAccessorImpl.invoke(NativeMethodAccessorImpl.java:62)
	at sun.reflect.DelegatingMethodAccessorImpl.invoke(DelegatingMethodAccessorImpl.java:43)
	at java.lang.reflect.Method.invoke(Method.java:498)
	at org.junit.runners.model.FrameworkMethod$1.runReflectiveCall(FrameworkMethod.java:50)
	at org.junit.internal.runners.model.ReflectiveCallable.run(ReflectiveCallable.java:12)
	at org.junit.runners.model.FrameworkMethod.invokeExplosively(FrameworkMethod.java:47)
	at org.junit.internal.runners.statements.InvokeMethod.evaluate(InvokeMethod.java:17)
	at org.junit.internal.runners.statements.RunBefores.evaluate(RunBefores.java:26)
	at com.github.tomakehurst.wiremock.junit.WireMockRule$1.evaluate(WireMockRule.java:72)
	at org.junit.rules.RunRules.evaluate(RunRules.java:20)
	at org.junit.runners.ParentRunner.runLeaf(ParentRunner.java:325)
	at org.junit.runners.BlockJUnit4ClassRunner.runChild(BlockJUnit4ClassRunner.java:78)
	at org.junit.runners.BlockJUnit4ClassRunner.runChild(BlockJUnit4ClassRunner.java:57)
	at org.junit.runners.ParentRunner$3.run(ParentRunner.java:290)
	at org.junit.runners.ParentRunner$1.schedule(ParentRunner.java:71)
	at org.junit.runners.ParentRunner.runChildren(ParentRunner.java:288)
	at org.junit.runners.ParentRunner.access$000(ParentRunner.java:58)
	at org.junit.runners.ParentRunner$2.evaluate(ParentRunner.java:268)
	at org.junit.runners.ParentRunner.run(ParentRunner.java:363)
	at org.apache.maven.surefire.junit4.JUnit4Provider.execute(JUnit4Provider.java:252)
	at org.apache.maven.surefire.junit4.JUnit4Provider.executeTestSet(JUnit4Provider.java:141)
	at org.apache.maven.surefire.junit4.JUnit4Provider.invoke(JUnit4Provider.java:112)
	at sun.reflect.NativeMethodAccessorImpl.invoke0(Native Method)
	at sun.reflect.NativeMethodAccessorImpl.invoke(NativeMethodAccessorImpl.java:62)
	at sun.reflect.DelegatingMethodAccessorImpl.invoke(DelegatingMethodAccessorImpl.java:43)
	at java.lang.reflect.Method.invoke(Method.java:498)
	at org.apache.maven.surefire.util.ReflectionUtils.invokeMethodWithArray(ReflectionUtils.java:189)
	at org.apache.maven.surefire.booter.ProviderFactory$ProviderProxy.invoke(ProviderFactory.java:165)
	at org.apache.maven.surefire.booter.ProviderFactory.invokeProvider(ProviderFactory.java:85)
	at org.apache.maven.surefire.booter.ForkedBooter.runSuitesInProcess(ForkedBooter.java:115)
	at org.apache.maven.surefire.booter.ForkedBooter.main(ForkedBooter.java:75)

